\BOOKMARK [0][-]{chapter.1}{\376\377\0001\000\040\000N\000a\000m\000e\000s\000p\000a\000c\000e\000\040\000I\000n\000d\000e\000x}{}% 1
\BOOKMARK [1][-]{section.1.1}{\376\377\0001\000.\0001\000\040\000N\000a\000m\000e\000s\000p\000a\000c\000e\000\040\000L\000i\000s\000t}{chapter.1}% 2
\BOOKMARK [0][-]{chapter.2}{\376\377\0002\000\040\000C\000l\000a\000s\000s\000\040\000I\000n\000d\000e\000x}{}% 3
\BOOKMARK [1][-]{section.2.1}{\376\377\0002\000.\0001\000\040\000C\000l\000a\000s\000s\000\040\000L\000i\000s\000t}{chapter.2}% 4
\BOOKMARK [0][-]{chapter.3}{\376\377\0003\000\040\000F\000i\000l\000e\000\040\000I\000n\000d\000e\000x}{}% 5
\BOOKMARK [1][-]{section.3.1}{\376\377\0003\000.\0001\000\040\000F\000i\000l\000e\000\040\000L\000i\000s\000t}{chapter.3}% 6
\BOOKMARK [0][-]{chapter.4}{\376\377\0004\000\040\000N\000a\000m\000e\000s\000p\000a\000c\000e\000\040\000D\000o\000c\000u\000m\000e\000n\000t\000a\000t\000i\000o\000n}{}% 7
\BOOKMARK [1][-]{section.4.1}{\376\377\0004\000.\0001\000\040\000P\000a\000t\000h\000U\000t\000i\000l\000s\000\040\000N\000a\000m\000e\000s\000p\000a\000c\000e\000\040\000R\000e\000f\000e\000r\000e\000n\000c\000e}{chapter.4}% 8
\BOOKMARK [2][-]{subsection.4.1.1}{\376\377\0004\000.\0001\000.\0001\000\040\000D\000e\000t\000a\000i\000l\000e\000d\000\040\000D\000e\000s\000c\000r\000i\000p\000t\000i\000o\000n}{section.4.1}% 9
\BOOKMARK [2][-]{subsection.4.1.2}{\376\377\0004\000.\0001\000.\0002\000\040\000F\000u\000n\000c\000t\000i\000o\000n\000\040\000D\000o\000c\000u\000m\000e\000n\000t\000a\000t\000i\000o\000n}{section.4.1}% 10
\BOOKMARK [3][-]{subsubsection.4.1.2.1}{\376\377\0004\000.\0001\000.\0002\000.\0001\000\040\000g\000e\000t\000A\000s\000s\000e\000t\000P\000a\000t\000h\000\050\000\051}{subsection.4.1.2}% 11
\BOOKMARK [3][-]{subsubsection.4.1.2.2}{\376\377\0004\000.\0001\000.\0002\000.\0002\000\040\000g\000e\000t\000C\000o\000n\000f\000i\000g\000P\000a\000t\000h\000\050\000\051}{subsection.4.1.2}% 12
\BOOKMARK [3][-]{subsubsection.4.1.2.3}{\376\377\0004\000.\0001\000.\0002\000.\0003\000\040\000g\000e\000t\000E\000x\000e\000c\000u\000t\000a\000b\000l\000e\000D\000i\000r\000\050\000\051}{subsection.4.1.2}% 13
\BOOKMARK [0][-]{chapter.5}{\376\377\0005\000\040\000C\000l\000a\000s\000s\000\040\000D\000o\000c\000u\000m\000e\000n\000t\000a\000t\000i\000o\000n}{}% 14
\BOOKMARK [1][-]{section.5.1}{\376\377\0005\000.\0001\000\040\000B\000o\000a\000r\000d\000\040\000C\000l\000a\000s\000s\000\040\000R\000e\000f\000e\000r\000e\000n\000c\000e}{chapter.5}% 15
\BOOKMARK [2][-]{subsection.5.1.1}{\376\377\0005\000.\0001\000.\0001\000\040\000D\000e\000t\000a\000i\000l\000e\000d\000\040\000D\000e\000s\000c\000r\000i\000p\000t\000i\000o\000n}{section.5.1}% 16
\BOOKMARK [2][-]{subsection.5.1.2}{\376\377\0005\000.\0001\000.\0002\000\040\000C\000o\000n\000s\000t\000r\000u\000c\000t\000o\000r\000\040\000\046\000\040\000D\000e\000s\000t\000r\000u\000c\000t\000o\000r\000\040\000D\000o\000c\000u\000m\000e\000n\000t\000a\000t\000i\000o\000n}{section.5.1}% 17
\BOOKMARK [3][-]{subsubsection.5.1.2.1}{\376\377\0005\000.\0001\000.\0002\000.\0001\000\040\000B\000o\000a\000r\000d\000\050\000\051}{subsection.5.1.2}% 18
\BOOKMARK [2][-]{subsection.5.1.3}{\376\377\0005\000.\0001\000.\0003\000\040\000M\000e\000m\000b\000e\000r\000\040\000F\000u\000n\000c\000t\000i\000o\000n\000\040\000D\000o\000c\000u\000m\000e\000n\000t\000a\000t\000i\000o\000n}{section.5.1}% 19
\BOOKMARK [3][-]{subsubsection.5.1.3.1}{\376\377\0005\000.\0001\000.\0003\000.\0001\000\040\000g\000e\000t\000N\000e\000i\000g\000h\000b\000o\000r\000s\000\050\000\051}{subsection.5.1.3}% 20
\BOOKMARK [3][-]{subsubsection.5.1.3.2}{\376\377\0005\000.\0001\000.\0003\000.\0002\000\040\000g\000e\000t\000T\000i\000l\000e\000\050\000\051}{subsection.5.1.3}% 21
\BOOKMARK [3][-]{subsubsection.5.1.3.3}{\376\377\0005\000.\0001\000.\0003\000.\0003\000\040\000p\000r\000i\000n\000t\000B\000o\000a\000r\000d\000\050\000\051}{subsection.5.1.3}% 22
\BOOKMARK [3][-]{subsubsection.5.1.3.4}{\376\377\0005\000.\0001\000.\0003\000.\0004\000\040\000s\000e\000t\000T\000i\000l\000e\000C\000o\000l\000o\000r\000\050\000\051}{subsection.5.1.3}% 23
\BOOKMARK [3][-]{subsubsection.5.1.3.5}{\376\377\0005\000.\0001\000.\0003\000.\0005\000\040\000s\000e\000t\000T\000i\000l\000e\000O\000w\000n\000e\000r\000\050\000\051}{subsection.5.1.3}% 24
\BOOKMARK [2][-]{subsection.5.1.4}{\376\377\0005\000.\0001\000.\0004\000\040\000M\000e\000m\000b\000e\000r\000\040\000D\000a\000t\000a\000\040\000D\000o\000c\000u\000m\000e\000n\000t\000a\000t\000i\000o\000n}{section.5.1}% 25
\BOOKMARK [3][-]{subsubsection.5.1.4.1}{\376\377\0005\000.\0001\000.\0004\000.\0001\000\040\000t\000i\000l\000e\000s}{subsection.5.1.4}% 26
\BOOKMARK [1][-]{section.5.2}{\376\377\0005\000.\0002\000\040\000C\000a\000r\000d\000\040\000C\000l\000a\000s\000s\000\040\000R\000e\000f\000e\000r\000e\000n\000c\000e}{chapter.5}% 27
\BOOKMARK [2][-]{subsection.5.2.1}{\376\377\0005\000.\0002\000.\0001\000\040\000D\000e\000t\000a\000i\000l\000e\000d\000\040\000D\000e\000s\000c\000r\000i\000p\000t\000i\000o\000n}{section.5.2}% 28
\BOOKMARK [2][-]{subsection.5.2.2}{\376\377\0005\000.\0002\000.\0002\000\040\000C\000o\000n\000s\000t\000r\000u\000c\000t\000o\000r\000\040\000\046\000\040\000D\000e\000s\000t\000r\000u\000c\000t\000o\000r\000\040\000D\000o\000c\000u\000m\000e\000n\000t\000a\000t\000i\000o\000n}{section.5.2}% 29
\BOOKMARK [3][-]{subsubsection.5.2.2.1}{\376\377\0005\000.\0002\000.\0002\000.\0001\000\040\000C\000a\000r\000d\000\050\000\051}{subsection.5.2.2}% 30
\BOOKMARK [2][-]{subsection.5.2.3}{\376\377\0005\000.\0002\000.\0003\000\040\000M\000e\000m\000b\000e\000r\000\040\000F\000u\000n\000c\000t\000i\000o\000n\000\040\000D\000o\000c\000u\000m\000e\000n\000t\000a\000t\000i\000o\000n}{section.5.2}% 31
\BOOKMARK [3][-]{subsubsection.5.2.3.1}{\376\377\0005\000.\0002\000.\0003\000.\0001\000\040\000e\000x\000e\000c\000u\000t\000e\000T\000r\000i\000g\000g\000e\000r\000\050\000\051}{subsection.5.2.3}% 32
\BOOKMARK [2][-]{subsection.5.2.4}{\376\377\0005\000.\0002\000.\0004\000\040\000M\000e\000m\000b\000e\000r\000\040\000D\000a\000t\000a\000\040\000D\000o\000c\000u\000m\000e\000n\000t\000a\000t\000i\000o\000n}{section.5.2}% 33
\BOOKMARK [3][-]{subsubsection.5.2.4.1}{\376\377\0005\000.\0002\000.\0004\000.\0001\000\040\000d\000e\000s\000c\000r\000i\000p\000t\000i\000o\000n}{subsection.5.2.4}% 34
\BOOKMARK [3][-]{subsubsection.5.2.4.2}{\376\377\0005\000.\0002\000.\0004\000.\0002\000\040\000n\000a\000m\000e}{subsection.5.2.4}% 35
\BOOKMARK [3][-]{subsubsection.5.2.4.3}{\376\377\0005\000.\0002\000.\0004\000.\0003\000\040\000t\000r\000i\000g\000g\000e\000r\000s}{subsection.5.2.4}% 36
\BOOKMARK [1][-]{section.5.3}{\376\377\0005\000.\0003\000\040\000C\000o\000l\000o\000r\000s\000\040\000C\000l\000a\000s\000s\000\040\000R\000e\000f\000e\000r\000e\000n\000c\000e}{chapter.5}% 37
\BOOKMARK [2][-]{subsection.5.3.1}{\376\377\0005\000.\0003\000.\0001\000\040\000D\000e\000t\000a\000i\000l\000e\000d\000\040\000D\000e\000s\000c\000r\000i\000p\000t\000i\000o\000n}{section.5.3}% 38
\BOOKMARK [2][-]{subsection.5.3.2}{\376\377\0005\000.\0003\000.\0002\000\040\000M\000e\000m\000b\000e\000r\000\040\000F\000u\000n\000c\000t\000i\000o\000n\000\040\000D\000o\000c\000u\000m\000e\000n\000t\000a\000t\000i\000o\000n}{section.5.3}% 39
\BOOKMARK [3][-]{subsubsection.5.3.2.1}{\376\377\0005\000.\0003\000.\0002\000.\0001\000\040\000g\000e\000t\000S\000f\000m\000l\000C\000o\000l\000o\000r\000\050\000\051}{subsection.5.3.2}% 40
\BOOKMARK [3][-]{subsubsection.5.3.2.2}{\376\377\0005\000.\0003\000.\0002\000.\0002\000\040\000i\000s\000V\000a\000l\000i\000d\000\050\000\051}{subsection.5.3.2}% 41
\BOOKMARK [2][-]{subsection.5.3.3}{\376\377\0005\000.\0003\000.\0003\000\040\000M\000e\000m\000b\000e\000r\000\040\000D\000a\000t\000a\000\040\000D\000o\000c\000u\000m\000e\000n\000t\000a\000t\000i\000o\000n}{section.5.3}% 42
\BOOKMARK [3][-]{subsubsection.5.3.3.1}{\376\377\0005\000.\0003\000.\0003\000.\0001\000\040\000a\000l\000l}{subsection.5.3.3}% 43
\BOOKMARK [3][-]{subsubsection.5.3.3.2}{\376\377\0005\000.\0003\000.\0003\000.\0002\000\040\000c\000o\000l\000o\000r\000C\000o\000d\000e\000s}{subsection.5.3.3}% 44
\BOOKMARK [3][-]{subsubsection.5.3.3.3}{\376\377\0005\000.\0003\000.\0003\000.\0003\000\040\000s\000f\000m\000l\000C\000o\000l\000o\000r\000s}{subsection.5.3.3}% 45
\BOOKMARK [1][-]{section.5.4}{\376\377\0005\000.\0004\000\040\000C\000o\000m\000m\000a\000n\000d\000C\000o\000n\000s\000o\000l\000e\000\040\000C\000l\000a\000s\000s\000\040\000R\000e\000f\000e\000r\000e\000n\000c\000e}{chapter.5}% 46
\BOOKMARK [2][-]{subsection.5.4.1}{\376\377\0005\000.\0004\000.\0001\000\040\000D\000e\000t\000a\000i\000l\000e\000d\000\040\000D\000e\000s\000c\000r\000i\000p\000t\000i\000o\000n}{section.5.4}% 47
\BOOKMARK [2][-]{subsection.5.4.2}{\376\377\0005\000.\0004\000.\0002\000\040\000C\000o\000n\000s\000t\000r\000u\000c\000t\000o\000r\000\040\000\046\000\040\000D\000e\000s\000t\000r\000u\000c\000t\000o\000r\000\040\000D\000o\000c\000u\000m\000e\000n\000t\000a\000t\000i\000o\000n}{section.5.4}% 48
\BOOKMARK [3][-]{subsubsection.5.4.2.1}{\376\377\0005\000.\0004\000.\0002\000.\0001\000\040\000C\000o\000m\000m\000a\000n\000d\000C\000o\000n\000s\000o\000l\000e\000\050\000\051}{subsection.5.4.2}% 49
\BOOKMARK [2][-]{subsection.5.4.3}{\376\377\0005\000.\0004\000.\0003\000\040\000M\000e\000m\000b\000e\000r\000\040\000F\000u\000n\000c\000t\000i\000o\000n\000\040\000D\000o\000c\000u\000m\000e\000n\000t\000a\000t\000i\000o\000n}{section.5.4}% 50
\BOOKMARK [3][-]{subsubsection.5.4.3.1}{\376\377\0005\000.\0004\000.\0003\000.\0001\000\040\000d\000r\000a\000w\000\050\000\051}{subsection.5.4.3}% 51
\BOOKMARK [3][-]{subsubsection.5.4.3.2}{\376\377\0005\000.\0004\000.\0003\000.\0002\000\040\000h\000a\000n\000d\000l\000e\000E\000v\000e\000n\000t\000\050\000\051}{subsection.5.4.3}% 52
\BOOKMARK [3][-]{subsubsection.5.4.3.3}{\376\377\0005\000.\0004\000.\0003\000.\0003\000\040\000h\000a\000s\000C\000o\000m\000m\000a\000n\000d\000\050\000\051}{subsection.5.4.3}% 53
\BOOKMARK [3][-]{subsubsection.5.4.3.4}{\376\377\0005\000.\0004\000.\0003\000.\0004\000\040\000n\000e\000x\000t\000C\000o\000m\000m\000a\000n\000d\000\050\000\051}{subsection.5.4.3}% 54
\BOOKMARK [3][-]{subsubsection.5.4.3.5}{\376\377\0005\000.\0004\000.\0003\000.\0005\000\040\000p\000r\000i\000n\000t\000\050\000\051}{subsection.5.4.3}% 55
\BOOKMARK [3][-]{subsubsection.5.4.3.6}{\376\377\0005\000.\0004\000.\0003\000.\0006\000\040\000p\000r\000i\000n\000t\000P\000a\000g\000e\000d\000\050\000\051}{subsection.5.4.3}% 56
\BOOKMARK [2][-]{subsection.5.4.4}{\376\377\0005\000.\0004\000.\0004\000\040\000M\000e\000m\000b\000e\000r\000\040\000D\000a\000t\000a\000\040\000D\000o\000c\000u\000m\000e\000n\000t\000a\000t\000i\000o\000n}{section.5.4}% 57
\BOOKMARK [3][-]{subsubsection.5.4.4.1}{\376\377\0005\000.\0004\000.\0004\000.\0001\000\040\000a\000w\000a\000i\000t\000i\000n\000g\000N\000e\000x\000t\000P\000a\000g\000e}{subsection.5.4.4}% 58
\BOOKMARK [1][-]{section.5.5}{\376\377\0005\000.\0005\000\040\000C\000o\000m\000p\000a\000n\000y\000\040\000C\000l\000a\000s\000s\000\040\000R\000e\000f\000e\000r\000e\000n\000c\000e}{chapter.5}% 59
\BOOKMARK [2][-]{subsection.5.5.1}{\376\377\0005\000.\0005\000.\0001\000\040\000D\000e\000t\000a\000i\000l\000e\000d\000\040\000D\000e\000s\000c\000r\000i\000p\000t\000i\000o\000n}{section.5.5}% 60
\BOOKMARK [2][-]{subsection.5.5.2}{\376\377\0005\000.\0005\000.\0002\000\040\000C\000o\000n\000s\000t\000r\000u\000c\000t\000o\000r\000\040\000\046\000\040\000D\000e\000s\000t\000r\000u\000c\000t\000o\000r\000\040\000D\000o\000c\000u\000m\000e\000n\000t\000a\000t\000i\000o\000n}{section.5.5}% 61
\BOOKMARK [3][-]{subsubsection.5.5.2.1}{\376\377\0005\000.\0005\000.\0002\000.\0001\000\040\000C\000o\000m\000p\000a\000n\000y\000\050\000\051}{subsection.5.5.2}% 62
\BOOKMARK [2][-]{subsection.5.5.3}{\376\377\0005\000.\0005\000.\0003\000\040\000M\000e\000m\000b\000e\000r\000\040\000F\000u\000n\000c\000t\000i\000o\000n\000\040\000D\000o\000c\000u\000m\000e\000n\000t\000a\000t\000i\000o\000n}{section.5.5}% 63
\BOOKMARK [3][-]{subsubsection.5.5.3.1}{\376\377\0005\000.\0005\000.\0003\000.\0001\000\040\000g\000e\000t\000N\000a\000m\000e\000\050\000\051}{subsection.5.5.3}% 64
\BOOKMARK [3][-]{subsubsection.5.5.3.2}{\376\377\0005\000.\0005\000.\0003\000.\0002\000\040\000g\000e\000t\000S\000y\000m\000b\000o\000l\000\050\000\051}{subsection.5.5.3}% 65
\BOOKMARK [3][-]{subsubsection.5.5.3.3}{\376\377\0005\000.\0005\000.\0003\000.\0003\000\040\000s\000e\000t\000N\000a\000m\000e\000\050\000\051}{subsection.5.5.3}% 66
\BOOKMARK [3][-]{subsubsection.5.5.3.4}{\376\377\0005\000.\0005\000.\0003\000.\0004\000\040\000s\000e\000t\000S\000y\000m\000b\000o\000l\000\050\000\051}{subsection.5.5.3}% 67
\BOOKMARK [1][-]{section.5.6}{\376\377\0005\000.\0006\000\040\000C\000u\000b\000e\000C\000o\000o\000r\000d\000\040\000S\000t\000r\000u\000c\000t\000\040\000R\000e\000f\000e\000r\000e\000n\000c\000e}{chapter.5}% 68
\BOOKMARK [2][-]{subsection.5.6.1}{\376\377\0005\000.\0006\000.\0001\000\040\000D\000e\000t\000a\000i\000l\000e\000d\000\040\000D\000e\000s\000c\000r\000i\000p\000t\000i\000o\000n}{section.5.6}% 69
\BOOKMARK [2][-]{subsection.5.6.2}{\376\377\0005\000.\0006\000.\0002\000\040\000C\000o\000n\000s\000t\000r\000u\000c\000t\000o\000r\000\040\000\046\000\040\000D\000e\000s\000t\000r\000u\000c\000t\000o\000r\000\040\000D\000o\000c\000u\000m\000e\000n\000t\000a\000t\000i\000o\000n}{section.5.6}% 70
\BOOKMARK [3][-]{subsubsection.5.6.2.1}{\376\377\0005\000.\0006\000.\0002\000.\0001\000\040\000C\000u\000b\000e\000C\000o\000o\000r\000d\000\050\000\051}{subsection.5.6.2}% 71
\BOOKMARK [2][-]{subsection.5.6.3}{\376\377\0005\000.\0006\000.\0003\000\040\000M\000e\000m\000b\000e\000r\000\040\000F\000u\000n\000c\000t\000i\000o\000n\000\040\000D\000o\000c\000u\000m\000e\000n\000t\000a\000t\000i\000o\000n}{section.5.6}% 72
\BOOKMARK [3][-]{subsubsection.5.6.3.1}{\376\377\0005\000.\0006\000.\0003\000.\0001\000\040\000o\000p\000e\000r\000a\000t\000o\000r\000+\000\050\000\051}{subsection.5.6.3}% 73
\BOOKMARK [3][-]{subsubsection.5.6.3.2}{\376\377\0005\000.\0006\000.\0003\000.\0002\000\040\000o\000p\000e\000r\000a\000t\000o\000r\000=\000=\000\050\000\051}{subsection.5.6.3}% 74
\BOOKMARK [1][-]{section.5.7}{\376\377\0005\000.\0007\000\040\000C\000u\000b\000e\000C\000o\000o\000r\000d\000H\000a\000s\000h\000\040\000S\000t\000r\000u\000c\000t\000\040\000R\000e\000f\000e\000r\000e\000n\000c\000e}{chapter.5}% 75
\BOOKMARK [2][-]{subsection.5.7.1}{\376\377\0005\000.\0007\000.\0001\000\040\000D\000e\000t\000a\000i\000l\000e\000d\000\040\000D\000e\000s\000c\000r\000i\000p\000t\000i\000o\000n}{section.5.7}% 76
\BOOKMARK [2][-]{subsection.5.7.2}{\376\377\0005\000.\0007\000.\0002\000\040\000M\000e\000m\000b\000e\000r\000\040\000F\000u\000n\000c\000t\000i\000o\000n\000\040\000D\000o\000c\000u\000m\000e\000n\000t\000a\000t\000i\000o\000n}{section.5.7}% 77
\BOOKMARK [3][-]{subsubsection.5.7.2.1}{\376\377\0005\000.\0007\000.\0002\000.\0001\000\040\000o\000p\000e\000r\000a\000t\000o\000r\000\050\000\051\000\050\000\051}{subsection.5.7.2}% 78
\BOOKMARK [1][-]{section.5.8}{\376\377\0005\000.\0008\000\040\000D\000e\000c\000k\000\040\000C\000l\000a\000s\000s\000\040\000R\000e\000f\000e\000r\000e\000n\000c\000e}{chapter.5}% 79
\BOOKMARK [2][-]{subsection.5.8.1}{\376\377\0005\000.\0008\000.\0001\000\040\000D\000e\000t\000a\000i\000l\000e\000d\000\040\000D\000e\000s\000c\000r\000i\000p\000t\000i\000o\000n}{section.5.8}% 80
\BOOKMARK [2][-]{subsection.5.8.2}{\376\377\0005\000.\0008\000.\0002\000\040\000C\000o\000n\000s\000t\000r\000u\000c\000t\000o\000r\000\040\000\046\000\040\000D\000e\000s\000t\000r\000u\000c\000t\000o\000r\000\040\000D\000o\000c\000u\000m\000e\000n\000t\000a\000t\000i\000o\000n}{section.5.8}% 81
\BOOKMARK [3][-]{subsubsection.5.8.2.1}{\376\377\0005\000.\0008\000.\0002\000.\0001\000\040\000D\000e\000c\000k\000\050\000\051}{subsection.5.8.2}% 82
\BOOKMARK [2][-]{subsection.5.8.3}{\376\377\0005\000.\0008\000.\0003\000\040\000M\000e\000m\000b\000e\000r\000\040\000F\000u\000n\000c\000t\000i\000o\000n\000\040\000D\000o\000c\000u\000m\000e\000n\000t\000a\000t\000i\000o\000n}{section.5.8}% 83
\BOOKMARK [3][-]{subsubsection.5.8.3.1}{\376\377\0005\000.\0008\000.\0003\000.\0001\000\040\000a\000d\000d\000C\000a\000r\000d\000\050\000\051}{subsection.5.8.3}% 84
\BOOKMARK [3][-]{subsubsection.5.8.3.2}{\376\377\0005\000.\0008\000.\0003\000.\0002\000\040\000d\000r\000a\000w\000C\000a\000r\000d\000\050\000\051}{subsection.5.8.3}% 85
\BOOKMARK [3][-]{subsubsection.5.8.3.3}{\376\377\0005\000.\0008\000.\0003\000.\0003\000\040\000e\000m\000p\000t\000y\000\050\000\051}{subsection.5.8.3}% 86
\BOOKMARK [3][-]{subsubsection.5.8.3.4}{\376\377\0005\000.\0008\000.\0003\000.\0004\000\040\000l\000o\000a\000d\000F\000r\000o\000m\000J\000s\000o\000n\000F\000i\000l\000e\000\050\000\051}{subsection.5.8.3}% 87
\BOOKMARK [3][-]{subsubsection.5.8.3.5}{\376\377\0005\000.\0008\000.\0003\000.\0005\000\040\000m\000o\000v\000e\000C\000a\000r\000d\000T\000o\000\050\000\051}{subsection.5.8.3}% 88
\BOOKMARK [3][-]{subsubsection.5.8.3.6}{\376\377\0005\000.\0008\000.\0003\000.\0006\000\040\000s\000h\000u\000f\000f\000l\000e\000\050\000\051}{subsection.5.8.3}% 89
\BOOKMARK [3][-]{subsubsection.5.8.3.7}{\376\377\0005\000.\0008\000.\0003\000.\0007\000\040\000s\000i\000z\000e\000\050\000\051}{subsection.5.8.3}% 90
\BOOKMARK [1][-]{section.5.9}{\376\377\0005\000.\0009\000\040\000G\000a\000m\000e\000\040\000C\000l\000a\000s\000s\000\040\000R\000e\000f\000e\000r\000e\000n\000c\000e}{chapter.5}% 91
\BOOKMARK [2][-]{subsection.5.9.1}{\376\377\0005\000.\0009\000.\0001\000\040\000D\000e\000t\000a\000i\000l\000e\000d\000\040\000D\000e\000s\000c\000r\000i\000p\000t\000i\000o\000n}{section.5.9}% 92
\BOOKMARK [2][-]{subsection.5.9.2}{\376\377\0005\000.\0009\000.\0002\000\040\000C\000o\000n\000s\000t\000r\000u\000c\000t\000o\000r\000\040\000\046\000\040\000D\000e\000s\000t\000r\000u\000c\000t\000o\000r\000\040\000D\000o\000c\000u\000m\000e\000n\000t\000a\000t\000i\000o\000n}{section.5.9}% 93
\BOOKMARK [3][-]{subsubsection.5.9.2.1}{\376\377\0005\000.\0009\000.\0002\000.\0001\000\040\000G\000a\000m\000e\000\050\000\051}{subsection.5.9.2}% 94
\BOOKMARK [3][-]{subsubsection.5.9.2.2}{\376\377\0005\000.\0009\000.\0002\000.\0002\000\040\000~\000G\000a\000m\000e\000\050\000\051}{subsection.5.9.2}% 95
\BOOKMARK [2][-]{subsection.5.9.3}{\376\377\0005\000.\0009\000.\0003\000\040\000M\000e\000m\000b\000e\000r\000\040\000F\000u\000n\000c\000t\000i\000o\000n\000\040\000D\000o\000c\000u\000m\000e\000n\000t\000a\000t\000i\000o\000n}{section.5.9}% 96
\BOOKMARK [3][-]{subsubsection.5.9.3.1}{\376\377\0005\000.\0009\000.\0003\000.\0001\000\040\000a\000d\000d\000P\000l\000a\000y\000e\000r\000\050\000\051}{subsection.5.9.3}% 97
\BOOKMARK [3][-]{subsubsection.5.9.3.2}{\376\377\0005\000.\0009\000.\0003\000.\0002\000\040\000b\000u\000i\000l\000d\000S\000t\000a\000g\000e\000\050\000\051}{subsection.5.9.3}% 98
\BOOKMARK [3][-]{subsubsection.5.9.3.3}{\376\377\0005\000.\0009\000.\0003\000.\0003\000\040\000d\000r\000a\000w\000C\000a\000r\000d\000F\000o\000r\000P\000l\000a\000y\000e\000r\000\050\000\051}{subsection.5.9.3}% 99
\BOOKMARK [3][-]{subsubsection.5.9.3.4}{\376\377\0005\000.\0009\000.\0003\000.\0004\000\040\000e\000n\000d\000T\000u\000r\000n\000\050\000\051}{subsection.5.9.3}% 100
\BOOKMARK [3][-]{subsubsection.5.9.3.5}{\376\377\0005\000.\0009\000.\0003\000.\0005\000\040\000g\000e\000t\000C\000u\000r\000r\000e\000n\000t\000A\000c\000t\000i\000v\000e\000P\000l\000a\000y\000e\000r\000I\000n\000d\000e\000x\000\050\000\051}{subsection.5.9.3}% 101
\BOOKMARK [3][-]{subsubsection.5.9.3.6}{\376\377\0005\000.\0009\000.\0003\000.\0006\000\040\000g\000e\000t\000C\000u\000r\000r\000e\000n\000t\000D\000a\000y\000\050\000\051}{subsection.5.9.3}% 102
\BOOKMARK [3][-]{subsubsection.5.9.3.7}{\376\377\0005\000.\0009\000.\0003\000.\0007\000\040\000g\000e\000t\000P\000l\000a\000y\000e\000r\000s\000\050\000\051}{subsection.5.9.3}% 103
\BOOKMARK [3][-]{subsubsection.5.9.3.8}{\376\377\0005\000.\0009\000.\0003\000.\0008\000\040\000g\000i\000v\000e\000R\000e\000s\000o\000u\000r\000c\000e\000T\000o\000P\000l\000a\000y\000e\000r\000\050\000\051}{subsection.5.9.3}% 104
\BOOKMARK [3][-]{subsubsection.5.9.3.9}{\376\377\0005\000.\0009\000.\0003\000.\0009\000\040\000m\000a\000i\000n\000L\000o\000o\000p\000\050\000\051}{subsection.5.9.3}% 105
\BOOKMARK [3][-]{subsubsection.5.9.3.10}{\376\377\0005\000.\0009\000.\0003\000.\0001\0000\000\040\000p\000l\000a\000y\000C\000a\000r\000d\000F\000o\000r\000P\000l\000a\000y\000e\000r\000\050\000\051}{subsection.5.9.3}% 106
\BOOKMARK [3][-]{subsubsection.5.9.3.11}{\376\377\0005\000.\0009\000.\0003\000.\0001\0001\000\040\000r\000e\000m\000o\000v\000e\000H\000e\000l\000d\000C\000a\000r\000d\000F\000o\000r\000P\000l\000a\000y\000e\000r\000\050\000\051}{subsection.5.9.3}% 107
\BOOKMARK [3][-]{subsubsection.5.9.3.12}{\376\377\0005\000.\0009\000.\0003\000.\0001\0002\000\040\000r\000e\000m\000o\000v\000e\000P\000l\000a\000y\000e\000d\000C\000a\000r\000d\000F\000o\000r\000P\000l\000a\000y\000e\000r\000\050\000\051}{subsection.5.9.3}% 108
\BOOKMARK [3][-]{subsubsection.5.9.3.13}{\376\377\0005\000.\0009\000.\0003\000.\0001\0003\000\040\000s\000e\000t\000u\000p\000\050\000\051}{subsection.5.9.3}% 109
\BOOKMARK [3][-]{subsubsection.5.9.3.14}{\376\377\0005\000.\0009\000.\0003\000.\0001\0004\000\040\000s\000p\000e\000n\000d\000R\000e\000s\000o\000u\000r\000c\000e\000F\000r\000o\000m\000P\000l\000a\000y\000e\000r\000\050\000\051}{subsection.5.9.3}% 110
\BOOKMARK [3][-]{subsubsection.5.9.3.15}{\376\377\0005\000.\0009\000.\0003\000.\0001\0005\000\040\000s\000t\000a\000r\000t\000N\000e\000w\000D\000a\000y\000\050\000\051}{subsection.5.9.3}% 111
\BOOKMARK [1][-]{section.5.10}{\376\377\0005\000.\0001\0000\000\040\000G\000a\000m\000e\000C\000o\000n\000f\000i\000g\000\040\000S\000t\000r\000u\000c\000t\000\040\000R\000e\000f\000e\000r\000e\000n\000c\000e}{chapter.5}% 112
\BOOKMARK [2][-]{subsection.5.10.1}{\376\377\0005\000.\0001\0000\000.\0001\000\040\000D\000e\000t\000a\000i\000l\000e\000d\000\040\000D\000e\000s\000c\000r\000i\000p\000t\000i\000o\000n}{section.5.10}% 113
\BOOKMARK [2][-]{subsection.5.10.2}{\376\377\0005\000.\0001\0000\000.\0002\000\040\000M\000e\000m\000b\000e\000r\000\040\000D\000a\000t\000a\000\040\000D\000o\000c\000u\000m\000e\000n\000t\000a\000t\000i\000o\000n}{section.5.10}% 114
\BOOKMARK [3][-]{subsubsection.5.10.2.1}{\376\377\0005\000.\0001\0000\000.\0002\000.\0001\000\040\000c\000o\000m\000p\000a\000n\000y\000N\000a\000m\000e\000s}{subsection.5.10.2}% 115
\BOOKMARK [3][-]{subsubsection.5.10.2.2}{\376\377\0005\000.\0001\0000\000.\0002\000.\0002\000\040\000c\000o\000m\000p\000a\000n\000y\000S\000y\000m\000b\000o\000l\000s}{subsection.5.10.2}% 116
\BOOKMARK [3][-]{subsubsection.5.10.2.3}{\376\377\0005\000.\0001\0000\000.\0002\000.\0003\000\040\000p\000l\000a\000y\000e\000r\000C\000o\000u\000n\000t}{subsection.5.10.2}% 117
\BOOKMARK [3][-]{subsubsection.5.10.2.4}{\376\377\0005\000.\0001\0000\000.\0002\000.\0004\000\040\000p\000l\000a\000y\000e\000r\000N\000a\000m\000e\000s}{subsection.5.10.2}% 118
\BOOKMARK [1][-]{section.5.11}{\376\377\0005\000.\0001\0001\000\040\000P\000l\000a\000y\000e\000r\000\040\000C\000l\000a\000s\000s\000\040\000R\000e\000f\000e\000r\000e\000n\000c\000e}{chapter.5}% 119
\BOOKMARK [2][-]{subsection.5.11.1}{\376\377\0005\000.\0001\0001\000.\0001\000\040\000D\000e\000t\000a\000i\000l\000e\000d\000\040\000D\000e\000s\000c\000r\000i\000p\000t\000i\000o\000n}{section.5.11}% 120
\BOOKMARK [2][-]{subsection.5.11.2}{\376\377\0005\000.\0001\0001\000.\0002\000\040\000C\000o\000n\000s\000t\000r\000u\000c\000t\000o\000r\000\040\000\046\000\040\000D\000e\000s\000t\000r\000u\000c\000t\000o\000r\000\040\000D\000o\000c\000u\000m\000e\000n\000t\000a\000t\000i\000o\000n}{section.5.11}% 121
\BOOKMARK [3][-]{subsubsection.5.11.2.1}{\376\377\0005\000.\0001\0001\000.\0002\000.\0001\000\040\000P\000l\000a\000y\000e\000r\000\050\000\051}{subsection.5.11.2}% 122
\BOOKMARK [2][-]{subsection.5.11.3}{\376\377\0005\000.\0001\0001\000.\0003\000\040\000M\000e\000m\000b\000e\000r\000\040\000F\000u\000n\000c\000t\000i\000o\000n\000\040\000D\000o\000c\000u\000m\000e\000n\000t\000a\000t\000i\000o\000n}{section.5.11}% 123
\BOOKMARK [3][-]{subsubsection.5.11.3.1}{\376\377\0005\000.\0001\0001\000.\0003\000.\0001\000\040\000a\000d\000d\000H\000e\000l\000d\000C\000a\000r\000d\000\050\000\051}{subsection.5.11.3}% 124
\BOOKMARK [3][-]{subsubsection.5.11.3.2}{\376\377\0005\000.\0001\0001\000.\0003\000.\0002\000\040\000a\000d\000d\000R\000e\000s\000o\000u\000r\000c\000e\000\050\000\051}{subsection.5.11.3}% 125
\BOOKMARK [3][-]{subsubsection.5.11.3.3}{\376\377\0005\000.\0001\0001\000.\0003\000.\0003\000\040\000a\000d\000d\000S\000c\000o\000r\000e\000\050\000\051}{subsection.5.11.3}% 126
\BOOKMARK [3][-]{subsubsection.5.11.3.4}{\376\377\0005\000.\0001\0001\000.\0003\000.\0004\000\040\000g\000e\000t\000R\000e\000s\000o\000u\000r\000c\000e\000\050\000\051}{subsection.5.11.3}% 127
\BOOKMARK [3][-]{subsubsection.5.11.3.5}{\376\377\0005\000.\0001\0001\000.\0003\000.\0005\000\040\000p\000l\000a\000y\000C\000a\000r\000d\000\050\000\051}{subsection.5.11.3}% 128
\BOOKMARK [3][-]{subsubsection.5.11.3.6}{\376\377\0005\000.\0001\0001\000.\0003\000.\0006\000\040\000r\000e\000m\000o\000v\000e\000H\000e\000l\000d\000C\000a\000r\000d\000\050\000\051}{subsection.5.11.3}% 129
\BOOKMARK [3][-]{subsubsection.5.11.3.7}{\376\377\0005\000.\0001\0001\000.\0003\000.\0007\000\040\000r\000e\000m\000o\000v\000e\000P\000l\000a\000y\000e\000d\000C\000a\000r\000d\000\050\000\051}{subsection.5.11.3}% 130
\BOOKMARK [3][-]{subsubsection.5.11.3.8}{\376\377\0005\000.\0001\0001\000.\0003\000.\0008\000\040\000s\000p\000e\000n\000d\000R\000e\000s\000o\000u\000r\000c\000e\000\050\000\051}{subsection.5.11.3}% 131
\BOOKMARK [1][-]{section.5.12}{\376\377\0005\000.\0001\0002\000\040\000R\000e\000n\000d\000e\000r\000e\000r\000\040\000C\000l\000a\000s\000s\000\040\000R\000e\000f\000e\000r\000e\000n\000c\000e}{chapter.5}% 132
\BOOKMARK [2][-]{subsection.5.12.1}{\376\377\0005\000.\0001\0002\000.\0001\000\040\000D\000e\000t\000a\000i\000l\000e\000d\000\040\000D\000e\000s\000c\000r\000i\000p\000t\000i\000o\000n}{section.5.12}% 133
\BOOKMARK [2][-]{subsection.5.12.2}{\376\377\0005\000.\0001\0002\000.\0002\000\040\000C\000o\000n\000s\000t\000r\000u\000c\000t\000o\000r\000\040\000\046\000\040\000D\000e\000s\000t\000r\000u\000c\000t\000o\000r\000\040\000D\000o\000c\000u\000m\000e\000n\000t\000a\000t\000i\000o\000n}{section.5.12}% 134
\BOOKMARK [3][-]{subsubsection.5.12.2.1}{\376\377\0005\000.\0001\0002\000.\0002\000.\0001\000\040\000R\000e\000n\000d\000e\000r\000e\000r\000\050\000\051}{subsection.5.12.2}% 135
\BOOKMARK [2][-]{subsection.5.12.3}{\376\377\0005\000.\0001\0002\000.\0003\000\040\000M\000e\000m\000b\000e\000r\000\040\000F\000u\000n\000c\000t\000i\000o\000n\000\040\000D\000o\000c\000u\000m\000e\000n\000t\000a\000t\000i\000o\000n}{section.5.12}% 136
\BOOKMARK [3][-]{subsubsection.5.12.3.1}{\376\377\0005\000.\0001\0002\000.\0003\000.\0001\000\040\000h\000a\000n\000d\000l\000e\000E\000v\000e\000n\000t\000s\000\050\000\051}{subsection.5.12.3}% 137
\BOOKMARK [3][-]{subsubsection.5.12.3.2}{\376\377\0005\000.\0001\0002\000.\0003\000.\0002\000\040\000r\000e\000n\000d\000e\000r\000\050\000\051}{subsection.5.12.3}% 138
\BOOKMARK [1][-]{section.5.13}{\376\377\0005\000.\0001\0003\000\040\000S\000t\000a\000r\000t\000u\000p\000M\000e\000n\000u\000\040\000C\000l\000a\000s\000s\000\040\000R\000e\000f\000e\000r\000e\000n\000c\000e}{chapter.5}% 139
\BOOKMARK [2][-]{subsection.5.13.1}{\376\377\0005\000.\0001\0003\000.\0001\000\040\000D\000e\000t\000a\000i\000l\000e\000d\000\040\000D\000e\000s\000c\000r\000i\000p\000t\000i\000o\000n}{section.5.13}% 140
\BOOKMARK [2][-]{subsection.5.13.2}{\376\377\0005\000.\0001\0003\000.\0002\000\040\000M\000e\000m\000b\000e\000r\000\040\000F\000u\000n\000c\000t\000i\000o\000n\000\040\000D\000o\000c\000u\000m\000e\000n\000t\000a\000t\000i\000o\000n}{section.5.13}% 141
\BOOKMARK [3][-]{subsubsection.5.13.2.1}{\376\377\0005\000.\0001\0003\000.\0002\000.\0001\000\040\000S\000t\000a\000r\000t\000M\000e\000n\000u\000L\000o\000o\000p\000\050\000\051}{subsection.5.13.2}% 142
\BOOKMARK [1][-]{section.5.14}{\376\377\0005\000.\0001\0004\000\040\000T\000i\000l\000e\000\040\000C\000l\000a\000s\000s\000\040\000R\000e\000f\000e\000r\000e\000n\000c\000e}{chapter.5}% 143
\BOOKMARK [2][-]{subsection.5.14.1}{\376\377\0005\000.\0001\0004\000.\0001\000\040\000D\000e\000t\000a\000i\000l\000e\000d\000\040\000D\000e\000s\000c\000r\000i\000p\000t\000i\000o\000n}{section.5.14}% 144
\BOOKMARK [2][-]{subsection.5.14.2}{\376\377\0005\000.\0001\0004\000.\0002\000\040\000M\000e\000m\000b\000e\000r\000\040\000F\000u\000n\000c\000t\000i\000o\000n\000\040\000D\000o\000c\000u\000m\000e\000n\000t\000a\000t\000i\000o\000n}{section.5.14}% 145
\BOOKMARK [3][-]{subsubsection.5.14.2.1}{\376\377\0005\000.\0001\0004\000.\0002\000.\0001\000\040\000g\000e\000t\000C\000o\000l\000o\000r\000\050\000\051}{subsection.5.14.2}% 146
\BOOKMARK [3][-]{subsubsection.5.14.2.2}{\376\377\0005\000.\0001\0004\000.\0002\000.\0002\000\040\000g\000e\000t\000O\000w\000n\000e\000r\000\050\000\051}{subsection.5.14.2}% 147
\BOOKMARK [3][-]{subsubsection.5.14.2.3}{\376\377\0005\000.\0001\0004\000.\0002\000.\0003\000\040\000s\000e\000t\000C\000o\000l\000o\000r\000\050\000\051}{subsection.5.14.2}% 148
\BOOKMARK [3][-]{subsubsection.5.14.2.4}{\376\377\0005\000.\0001\0004\000.\0002\000.\0004\000\040\000s\000e\000t\000O\000w\000n\000e\000r\000\050\000\051}{subsection.5.14.2}% 149
\BOOKMARK [0][-]{chapter.6}{\376\377\0006\000\040\000F\000i\000l\000e\000\040\000D\000o\000c\000u\000m\000e\000n\000t\000a\000t\000i\000o\000n}{}% 150
\BOOKMARK [1][-]{section.6.1}{\376\377\0006\000.\0001\000\040\000i\000n\000c\000l\000u\000d\000e\000/\000B\000o\000a\000r\000d\000.\000h\000p\000p\000\040\000F\000i\000l\000e\000\040\000R\000e\000f\000e\000r\000e\000n\000c\000e}{chapter.6}% 151
\BOOKMARK [2][-]{subsection.6.1.1}{\376\377\0006\000.\0001\000.\0001\000\040\000D\000e\000t\000a\000i\000l\000e\000d\000\040\000D\000e\000s\000c\000r\000i\000p\000t\000i\000o\000n}{section.6.1}% 152
\BOOKMARK [1][-]{section.6.2}{\376\377\0006\000.\0002\000\040\000B\000o\000a\000r\000d\000.\000h\000p\000p}{chapter.6}% 153
\BOOKMARK [1][-]{section.6.3}{\376\377\0006\000.\0003\000\040\000i\000n\000c\000l\000u\000d\000e\000/\000C\000a\000r\000d\000.\000h\000p\000p\000\040\000F\000i\000l\000e\000\040\000R\000e\000f\000e\000r\000e\000n\000c\000e}{chapter.6}% 154
\BOOKMARK [2][-]{subsection.6.3.1}{\376\377\0006\000.\0003\000.\0001\000\040\000D\000e\000t\000a\000i\000l\000e\000d\000\040\000D\000e\000s\000c\000r\000i\000p\000t\000i\000o\000n}{section.6.3}% 155
\BOOKMARK [1][-]{section.6.4}{\376\377\0006\000.\0004\000\040\000C\000a\000r\000d\000.\000h\000p\000p}{chapter.6}% 156
\BOOKMARK [1][-]{section.6.5}{\376\377\0006\000.\0005\000\040\000i\000n\000c\000l\000u\000d\000e\000/\000C\000o\000l\000o\000r\000s\000.\000h\000p\000p\000\040\000F\000i\000l\000e\000\040\000R\000e\000f\000e\000r\000e\000n\000c\000e}{chapter.6}% 157
\BOOKMARK [2][-]{subsection.6.5.1}{\376\377\0006\000.\0005\000.\0001\000\040\000D\000e\000t\000a\000i\000l\000e\000d\000\040\000D\000e\000s\000c\000r\000i\000p\000t\000i\000o\000n}{section.6.5}% 158
\BOOKMARK [1][-]{section.6.6}{\376\377\0006\000.\0006\000\040\000C\000o\000l\000o\000r\000s\000.\000h\000p\000p}{chapter.6}% 159
\BOOKMARK [1][-]{section.6.7}{\376\377\0006\000.\0007\000\040\000i\000n\000c\000l\000u\000d\000e\000/\000C\000o\000m\000m\000a\000n\000d\000C\000o\000n\000s\000o\000l\000e\000.\000h\000p\000p\000\040\000F\000i\000l\000e\000\040\000R\000e\000f\000e\000r\000e\000n\000c\000e}{chapter.6}% 160
\BOOKMARK [2][-]{subsection.6.7.1}{\376\377\0006\000.\0007\000.\0001\000\040\000D\000e\000t\000a\000i\000l\000e\000d\000\040\000D\000e\000s\000c\000r\000i\000p\000t\000i\000o\000n}{section.6.7}% 161
\BOOKMARK [1][-]{section.6.8}{\376\377\0006\000.\0008\000\040\000C\000o\000m\000m\000a\000n\000d\000C\000o\000n\000s\000o\000l\000e\000.\000h\000p\000p}{chapter.6}% 162
\BOOKMARK [1][-]{section.6.9}{\376\377\0006\000.\0009\000\040\000i\000n\000c\000l\000u\000d\000e\000/\000C\000o\000m\000p\000a\000n\000y\000.\000h\000p\000p\000\040\000F\000i\000l\000e\000\040\000R\000e\000f\000e\000r\000e\000n\000c\000e}{chapter.6}% 163
\BOOKMARK [2][-]{subsection.6.9.1}{\376\377\0006\000.\0009\000.\0001\000\040\000D\000e\000t\000a\000i\000l\000e\000d\000\040\000D\000e\000s\000c\000r\000i\000p\000t\000i\000o\000n}{section.6.9}% 164
\BOOKMARK [1][-]{section.6.10}{\376\377\0006\000.\0001\0000\000\040\000C\000o\000m\000p\000a\000n\000y\000.\000h\000p\000p}{chapter.6}% 165
\BOOKMARK [1][-]{section.6.11}{\376\377\0006\000.\0001\0001\000\040\000i\000n\000c\000l\000u\000d\000e\000/\000C\000u\000b\000e\000C\000o\000o\000r\000d\000.\000h\000p\000p\000\040\000F\000i\000l\000e\000\040\000R\000e\000f\000e\000r\000e\000n\000c\000e}{chapter.6}% 166
\BOOKMARK [2][-]{subsection.6.11.1}{\376\377\0006\000.\0001\0001\000.\0001\000\040\000D\000e\000t\000a\000i\000l\000e\000d\000\040\000D\000e\000s\000c\000r\000i\000p\000t\000i\000o\000n}{section.6.11}% 167
\BOOKMARK [1][-]{section.6.12}{\376\377\0006\000.\0001\0002\000\040\000C\000u\000b\000e\000C\000o\000o\000r\000d\000.\000h\000p\000p}{chapter.6}% 168
\BOOKMARK [1][-]{section.6.13}{\376\377\0006\000.\0001\0003\000\040\000i\000n\000c\000l\000u\000d\000e\000/\000D\000e\000c\000k\000.\000h\000p\000p\000\040\000F\000i\000l\000e\000\040\000R\000e\000f\000e\000r\000e\000n\000c\000e}{chapter.6}% 169
\BOOKMARK [2][-]{subsection.6.13.1}{\376\377\0006\000.\0001\0003\000.\0001\000\040\000D\000e\000t\000a\000i\000l\000e\000d\000\040\000D\000e\000s\000c\000r\000i\000p\000t\000i\000o\000n}{section.6.13}% 170
\BOOKMARK [1][-]{section.6.14}{\376\377\0006\000.\0001\0004\000\040\000D\000e\000c\000k\000.\000h\000p\000p}{chapter.6}% 171
\BOOKMARK [1][-]{section.6.15}{\376\377\0006\000.\0001\0005\000\040\000i\000n\000c\000l\000u\000d\000e\000/\000G\000a\000m\000e\000.\000h\000p\000p\000\040\000F\000i\000l\000e\000\040\000R\000e\000f\000e\000r\000e\000n\000c\000e}{chapter.6}% 172
\BOOKMARK [2][-]{subsection.6.15.1}{\376\377\0006\000.\0001\0005\000.\0001\000\040\000D\000e\000t\000a\000i\000l\000e\000d\000\040\000D\000e\000s\000c\000r\000i\000p\000t\000i\000o\000n}{section.6.15}% 173
\BOOKMARK [1][-]{section.6.16}{\376\377\0006\000.\0001\0006\000\040\000G\000a\000m\000e\000.\000h\000p\000p}{chapter.6}% 174
\BOOKMARK [1][-]{section.6.17}{\376\377\0006\000.\0001\0007\000\040\000i\000n\000c\000l\000u\000d\000e\000/\000P\000a\000t\000h\000U\000t\000i\000l\000s\000.\000h\000p\000p\000\040\000F\000i\000l\000e\000\040\000R\000e\000f\000e\000r\000e\000n\000c\000e}{chapter.6}% 175
\BOOKMARK [2][-]{subsection.6.17.1}{\376\377\0006\000.\0001\0007\000.\0001\000\040\000D\000e\000t\000a\000i\000l\000e\000d\000\040\000D\000e\000s\000c\000r\000i\000p\000t\000i\000o\000n}{section.6.17}% 176
\BOOKMARK [1][-]{section.6.18}{\376\377\0006\000.\0001\0008\000\040\000P\000a\000t\000h\000U\000t\000i\000l\000s\000.\000h\000p\000p}{chapter.6}% 177
\BOOKMARK [1][-]{section.6.19}{\376\377\0006\000.\0001\0009\000\040\000i\000n\000c\000l\000u\000d\000e\000/\000P\000l\000a\000y\000e\000r\000.\000h\000p\000p\000\040\000F\000i\000l\000e\000\040\000R\000e\000f\000e\000r\000e\000n\000c\000e}{chapter.6}% 178
\BOOKMARK [2][-]{subsection.6.19.1}{\376\377\0006\000.\0001\0009\000.\0001\000\040\000D\000e\000t\000a\000i\000l\000e\000d\000\040\000D\000e\000s\000c\000r\000i\000p\000t\000i\000o\000n}{section.6.19}% 179
\BOOKMARK [1][-]{section.6.20}{\376\377\0006\000.\0002\0000\000\040\000P\000l\000a\000y\000e\000r\000.\000h\000p\000p}{chapter.6}% 180
\BOOKMARK [1][-]{section.6.21}{\376\377\0006\000.\0002\0001\000\040\000i\000n\000c\000l\000u\000d\000e\000/\000R\000e\000n\000d\000e\000r\000e\000r\000.\000h\000p\000p\000\040\000F\000i\000l\000e\000\040\000R\000e\000f\000e\000r\000e\000n\000c\000e}{chapter.6}% 181
\BOOKMARK [2][-]{subsection.6.21.1}{\376\377\0006\000.\0002\0001\000.\0001\000\040\000D\000e\000t\000a\000i\000l\000e\000d\000\040\000D\000e\000s\000c\000r\000i\000p\000t\000i\000o\000n}{section.6.21}% 182
\BOOKMARK [1][-]{section.6.22}{\376\377\0006\000.\0002\0002\000\040\000R\000e\000n\000d\000e\000r\000e\000r\000.\000h\000p\000p}{chapter.6}% 183
\BOOKMARK [1][-]{section.6.23}{\376\377\0006\000.\0002\0003\000\040\000i\000n\000c\000l\000u\000d\000e\000/\000S\000t\000a\000r\000t\000u\000p\000M\000e\000n\000u\000.\000h\000p\000p\000\040\000F\000i\000l\000e\000\040\000R\000e\000f\000e\000r\000e\000n\000c\000e}{chapter.6}% 184
\BOOKMARK [2][-]{subsection.6.23.1}{\376\377\0006\000.\0002\0003\000.\0001\000\040\000D\000e\000t\000a\000i\000l\000e\000d\000\040\000D\000e\000s\000c\000r\000i\000p\000t\000i\000o\000n}{section.6.23}% 185
\BOOKMARK [1][-]{section.6.24}{\376\377\0006\000.\0002\0004\000\040\000S\000t\000a\000r\000t\000u\000p\000M\000e\000n\000u\000.\000h\000p\000p}{chapter.6}% 186
\BOOKMARK [1][-]{section.6.25}{\376\377\0006\000.\0002\0005\000\040\000i\000n\000c\000l\000u\000d\000e\000/\000T\000i\000l\000e\000.\000h\000p\000p\000\040\000F\000i\000l\000e\000\040\000R\000e\000f\000e\000r\000e\000n\000c\000e}{chapter.6}% 187
\BOOKMARK [2][-]{subsection.6.25.1}{\376\377\0006\000.\0002\0005\000.\0001\000\040\000D\000e\000t\000a\000i\000l\000e\000d\000\040\000D\000e\000s\000c\000r\000i\000p\000t\000i\000o\000n}{section.6.25}% 188
\BOOKMARK [1][-]{section.6.26}{\376\377\0006\000.\0002\0006\000\040\000T\000i\000l\000e\000.\000h\000p\000p}{chapter.6}% 189
